2025-12-22 11:18:59,184 - INFO - root - Server gestartet auf Port 5000
2025-12-22 11:18:59,185 - WARNING - root - Etwas könnte schiefgehen
2025-12-22 11:18:59,185 - ERROR - root - Ein Fehler ist aufgetreten
2025-12-22 11:18:59,185 - CRITICAL - root - Schwerwiegender Fehler, Abbruch nötig
2025-12-22 11:18:59,197 - INFO - app - Flask App erfolgreich gestartet
2025-12-22 11:18:59,206 - INFO - werkzeug - [31m[1mWARNING: This is a development server. Do not use it in a production deployment. Use a production WSGI server instead.[0m
 * Running on http://127.0.0.1:5000
2025-12-22 11:18:59,206 - INFO - werkzeug - [33mPress CTRL+C to quit[0m
2025-12-22 11:19:25,228 - ERROR - root - Unerwarteter Fehler:
Traceback (most recent call last):
  File "C:\Users\UgurK\CLOUD-training\cloud-engineering-backend\app\routes.py", line 9, in get_items
    logging.info("GET /items aufgerufen")
    ^^^^^^^
NameError: name 'logging' is not defined. Did you forget to import 'logging'?

During handling of the above exception, another exception occurred:

Traceback (most recent call last):
  File "C:\Users\UgurK\CLOUD-training\cloud-engineering-backend\venv\Lib\site-packages\flask\app.py", line 917, in full_dispatch_request
    rv = self.dispatch_request()
  File "C:\Users\UgurK\CLOUD-training\cloud-engineering-backend\venv\Lib\site-packages\flask\app.py", line 902, in dispatch_request
    return self.ensure_sync(self.view_functions[rule.endpoint])(**view_args)  # type: ignore[no-any-return]
           ~~~~~~~~~~~~~~~~~~~~~~~~~~~~~~~~~~~~~~~~~~~~~~~~~~~~^^^^^^^^^^^^^
  File "C:\Users\UgurK\CLOUD-training\cloud-engineering-backend\app\routes.py", line 14, in get_items
    logging.exception("Fehler beim Abrufen der Items")
    ^^^^^^^
NameError: name 'logging' is not defined. Did you forget to import 'logging'?
2025-12-22 11:19:25,231 - INFO - werkzeug - 127.0.0.1 - - [22/Dec/2025 11:19:25] "[35m[1mGET /items HTTP/1.1[0m" 500 -
2025-12-22 11:20:28,733 - INFO - root - Server gestartet auf Port 5000
2025-12-22 11:20:28,733 - WARNING - root - Etwas könnte schiefgehen
2025-12-22 11:20:28,733 - ERROR - root - Ein Fehler ist aufgetreten
2025-12-22 11:20:28,733 - CRITICAL - root - Schwerwiegender Fehler, Abbruch nötig
2025-12-22 11:20:28,747 - INFO - app - Flask App erfolgreich gestartet
2025-12-22 11:20:28,757 - INFO - werkzeug - [31m[1mWARNING: This is a development server. Do not use it in a production deployment. Use a production WSGI server instead.[0m
 * Running on http://127.0.0.1:5000
2025-12-22 11:20:28,757 - INFO - werkzeug - [33mPress CTRL+C to quit[0m
2025-12-22 11:20:38,265 - INFO - root - GET /items aufgerufen
2025-12-22 11:20:38,265 - INFO - root - 0 Items zurückgegeben
2025-12-22 11:20:38,266 - INFO - werkzeug - 127.0.0.1 - - [22/Dec/2025 11:20:38] "GET /items HTTP/1.1" 200 -
2025-12-22 11:22:01,725 - ERROR - root - Fehler beim Hinzufügen eines Items
Traceback (most recent call last):
  File "C:\Users\UgurK\CLOUD-training\cloud-engineering-backend\app\routes.py", line 21, in add_item
    data = request.json
           ^^^^^^^^^^^^
  File "C:\Users\UgurK\CLOUD-training\cloud-engineering-backend\venv\Lib\site-packages\werkzeug\wrappers\request.py", line 560, in json
    return self.get_json()
           ~~~~~~~~~~~~~^^
  File "C:\Users\UgurK\CLOUD-training\cloud-engineering-backend\venv\Lib\site-packages\werkzeug\wrappers\request.py", line 604, in get_json
    return self.on_json_loading_failed(None)
           ~~~~~~~~~~~~~~~~~~~~~~~~~~~^^^^^^
  File "C:\Users\UgurK\CLOUD-training\cloud-engineering-backend\venv\Lib\site-packages\flask\wrappers.py", line 214, in on_json_loading_failed
    return super().on_json_loading_failed(e)
           ~~~~~~~~~~~~~~~~~~~~~~~~~~~~~~^^^
  File "C:\Users\UgurK\CLOUD-training\cloud-engineering-backend\venv\Lib\site-packages\werkzeug\wrappers\request.py", line 647, in on_json_loading_failed
    raise UnsupportedMediaType(
    ...<2 lines>...
    )
werkzeug.exceptions.UnsupportedMediaType: 415 Unsupported Media Type: Did not attempt to load JSON data because the request Content-Type was not 'application/json'.
2025-12-22 11:22:01,727 - INFO - werkzeug - 127.0.0.1 - - [22/Dec/2025 11:22:01] "[35m[1mPOST /items HTTP/1.1[0m" 500 -
2025-12-22 11:23:24,006 - INFO - root - POST /items aufgerufen mit Daten: {}
2025-12-22 11:23:24,006 - WARNING - root - POST /items - fehlende 'name'-Angabe
2025-12-22 11:23:24,006 - INFO - werkzeug - 127.0.0.1 - - [22/Dec/2025 11:23:24] "[31m[1mPOST /items HTTP/1.1[0m" 400 -
2025-12-22 11:23:50,730 - INFO - root - POST /items aufgerufen mit Daten: {'name': 'NeuesItem'}
2025-12-22 11:23:50,730 - INFO - root - Item hinzugefügt: NeuesItem
2025-12-22 11:23:50,730 - INFO - werkzeug - 127.0.0.1 - - [22/Dec/2025 11:23:50] "[35m[1mPOST /items HTTP/1.1[0m" 201 -
2025-12-22 11:24:31,893 - INFO - root - POST /items aufgerufen mit Daten: {'name': 'NeuesItem'}
2025-12-22 11:24:31,893 - INFO - root - Item hinzugefügt: NeuesItem
2025-12-22 11:24:31,893 - INFO - werkzeug - 127.0.0.1 - - [22/Dec/2025 11:24:31] "[35m[1mPOST /items HTTP/1.1[0m" 201 -
