2025-12-22 11:18:59,184 - INFO - root - Server gestartet auf Port 5000
2025-12-22 11:18:59,185 - WARNING - root - Etwas könnte schiefgehen
2025-12-22 11:18:59,185 - ERROR - root - Ein Fehler ist aufgetreten
2025-12-22 11:18:59,185 - CRITICAL - root - Schwerwiegender Fehler, Abbruch nötig
2025-12-22 11:18:59,197 - INFO - app - Flask App erfolgreich gestartet
2025-12-22 11:18:59,206 - INFO - werkzeug - [31m[1mWARNING: This is a development server. Do not use it in a production deployment. Use a production WSGI server instead.[0m
 * Running on http://127.0.0.1:5000
2025-12-22 11:18:59,206 - INFO - werkzeug - [33mPress CTRL+C to quit[0m
2025-12-22 11:19:25,228 - ERROR - root - Unerwarteter Fehler:
Traceback (most recent call last):
  File "C:\Users\UgurK\CLOUD-training\cloud-engineering-backend\app\routes.py", line 9, in get_items
    logging.info("GET /items aufgerufen")
    ^^^^^^^
NameError: name 'logging' is not defined. Did you forget to import 'logging'?

During handling of the above exception, another exception occurred:

Traceback (most recent call last):
  File "C:\Users\UgurK\CLOUD-training\cloud-engineering-backend\venv\Lib\site-packages\flask\app.py", line 917, in full_dispatch_request
    rv = self.dispatch_request()
  File "C:\Users\UgurK\CLOUD-training\cloud-engineering-backend\venv\Lib\site-packages\flask\app.py", line 902, in dispatch_request
    return self.ensure_sync(self.view_functions[rule.endpoint])(**view_args)  # type: ignore[no-any-return]
           ~~~~~~~~~~~~~~~~~~~~~~~~~~~~~~~~~~~~~~~~~~~~~~~~~~~~^^^^^^^^^^^^^
  File "C:\Users\UgurK\CLOUD-training\cloud-engineering-backend\app\routes.py", line 14, in get_items
    logging.exception("Fehler beim Abrufen der Items")
    ^^^^^^^
NameError: name 'logging' is not defined. Did you forget to import 'logging'?
2025-12-22 11:19:25,231 - INFO - werkzeug - 127.0.0.1 - - [22/Dec/2025 11:19:25] "[35m[1mGET /items HTTP/1.1[0m" 500 -
2025-12-22 11:20:28,733 - INFO - root - Server gestartet auf Port 5000
2025-12-22 11:20:28,733 - WARNING - root - Etwas könnte schiefgehen
2025-12-22 11:20:28,733 - ERROR - root - Ein Fehler ist aufgetreten
2025-12-22 11:20:28,733 - CRITICAL - root - Schwerwiegender Fehler, Abbruch nötig
2025-12-22 11:20:28,747 - INFO - app - Flask App erfolgreich gestartet
2025-12-22 11:20:28,757 - INFO - werkzeug - [31m[1mWARNING: This is a development server. Do not use it in a production deployment. Use a production WSGI server instead.[0m
 * Running on http://127.0.0.1:5000
2025-12-22 11:20:28,757 - INFO - werkzeug - [33mPress CTRL+C to quit[0m
2025-12-22 11:20:38,265 - INFO - root - GET /items aufgerufen
2025-12-22 11:20:38,265 - INFO - root - 0 Items zurückgegeben
2025-12-22 11:20:38,266 - INFO - werkzeug - 127.0.0.1 - - [22/Dec/2025 11:20:38] "GET /items HTTP/1.1" 200 -
2025-12-22 11:22:01,725 - ERROR - root - Fehler beim Hinzufügen eines Items
Traceback (most recent call last):
  File "C:\Users\UgurK\CLOUD-training\cloud-engineering-backend\app\routes.py", line 21, in add_item
    data = request.json
           ^^^^^^^^^^^^
  File "C:\Users\UgurK\CLOUD-training\cloud-engineering-backend\venv\Lib\site-packages\werkzeug\wrappers\request.py", line 560, in json
    return self.get_json()
           ~~~~~~~~~~~~~^^
  File "C:\Users\UgurK\CLOUD-training\cloud-engineering-backend\venv\Lib\site-packages\werkzeug\wrappers\request.py", line 604, in get_json
    return self.on_json_loading_failed(None)
           ~~~~~~~~~~~~~~~~~~~~~~~~~~~^^^^^^
  File "C:\Users\UgurK\CLOUD-training\cloud-engineering-backend\venv\Lib\site-packages\flask\wrappers.py", line 214, in on_json_loading_failed
    return super().on_json_loading_failed(e)
           ~~~~~~~~~~~~~~~~~~~~~~~~~~~~~~^^^
  File "C:\Users\UgurK\CLOUD-training\cloud-engineering-backend\venv\Lib\site-packages\werkzeug\wrappers\request.py", line 647, in on_json_loading_failed
    raise UnsupportedMediaType(
    ...<2 lines>...
    )
werkzeug.exceptions.UnsupportedMediaType: 415 Unsupported Media Type: Did not attempt to load JSON data because the request Content-Type was not 'application/json'.
2025-12-22 11:22:01,727 - INFO - werkzeug - 127.0.0.1 - - [22/Dec/2025 11:22:01] "[35m[1mPOST /items HTTP/1.1[0m" 500 -
2025-12-22 11:23:24,006 - INFO - root - POST /items aufgerufen mit Daten: {}
2025-12-22 11:23:24,006 - WARNING - root - POST /items - fehlende 'name'-Angabe
2025-12-22 11:23:24,006 - INFO - werkzeug - 127.0.0.1 - - [22/Dec/2025 11:23:24] "[31m[1mPOST /items HTTP/1.1[0m" 400 -
2025-12-22 11:23:50,730 - INFO - root - POST /items aufgerufen mit Daten: {'name': 'NeuesItem'}
2025-12-22 11:23:50,730 - INFO - root - Item hinzugefügt: NeuesItem
2025-12-22 11:23:50,730 - INFO - werkzeug - 127.0.0.1 - - [22/Dec/2025 11:23:50] "[35m[1mPOST /items HTTP/1.1[0m" 201 -
2025-12-22 11:24:31,893 - INFO - root - POST /items aufgerufen mit Daten: {'name': 'NeuesItem'}
2025-12-22 11:24:31,893 - INFO - root - Item hinzugefügt: NeuesItem
2025-12-22 11:24:31,893 - INFO - werkzeug - 127.0.0.1 - - [22/Dec/2025 11:24:31] "[35m[1mPOST /items HTTP/1.1[0m" 201 -
2025-12-22 12:06:11,707 - INFO - root - Server gestartet auf Port 5000
2025-12-22 12:06:11,707 - WARNING - root - Etwas könnte schiefgehen
2025-12-22 12:06:11,707 - ERROR - root - Ein Fehler ist aufgetreten
2025-12-22 12:06:11,708 - CRITICAL - root - Schwerwiegender Fehler, Abbruch nötig
2025-12-22 12:07:27,186 - INFO - root - Server gestartet auf Port 5000
2025-12-22 12:07:27,186 - WARNING - root - Etwas könnte schiefgehen
2025-12-22 12:07:27,187 - ERROR - root - Ein Fehler ist aufgetreten
2025-12-22 12:07:27,187 - CRITICAL - root - Schwerwiegender Fehler, Abbruch nötig
2025-12-22 12:07:27,217 - INFO - app - Flask App erfolgreich gestartet
2025-12-22 12:07:27,275 - INFO - werkzeug - [31m[1mWARNING: This is a development server. Do not use it in a production deployment. Use a production WSGI server instead.[0m
 * Running on http://127.0.0.1:5000
2025-12-22 12:07:27,275 - INFO - werkzeug - [33mPress CTRL+C to quit[0m
2025-12-22 12:07:27,276 - INFO - werkzeug -  * Restarting with stat
2025-12-22 12:07:27,674 - INFO - root - Server gestartet auf Port 5000
2025-12-22 12:07:27,674 - WARNING - root - Etwas könnte schiefgehen
2025-12-22 12:07:27,674 - ERROR - root - Ein Fehler ist aufgetreten
2025-12-22 12:07:27,674 - CRITICAL - root - Schwerwiegender Fehler, Abbruch nötig
2025-12-22 12:07:27,690 - INFO - app - Flask App erfolgreich gestartet
2025-12-22 12:07:27,703 - WARNING - werkzeug -  * Debugger is active!
2025-12-22 12:07:27,705 - INFO - werkzeug -  * Debugger PIN: 704-404-749
2025-12-22 12:07:42,360 - INFO - root - GET /items aufgerufen
2025-12-22 12:07:42,362 - INFO - root - 0 Items zurückgegeben
2025-12-22 12:07:42,363 - INFO - werkzeug - 127.0.0.1 - - [22/Dec/2025 12:07:42] "GET /items HTTP/1.1" 200 -
2025-12-22 12:08:05,790 - INFO - root - POST /items aufgerufen mit Daten: {'name': 'TestItem'}
2025-12-22 12:08:05,796 - INFO - root - Item 'TestItem' in DB gespeichert
2025-12-22 12:08:05,796 - INFO - root - Item hinzugefügt: TestItem
2025-12-22 12:08:05,796 - INFO - werkzeug - 127.0.0.1 - - [22/Dec/2025 12:08:05] "[35m[1mPOST /items HTTP/1.1[0m" 201 -
2025-12-22 12:09:30,565 - INFO - root - GET /items aufgerufen
2025-12-22 12:09:30,566 - INFO - root - 1 Items zurückgegeben
2025-12-22 12:09:30,566 - INFO - werkzeug - 127.0.0.1 - - [22/Dec/2025 12:09:30] "GET /items HTTP/1.1" 200 -
2025-12-22 12:10:03,542 - INFO - root - POST /items aufgerufen mit Daten: {'name': 'NeuesItem'}
2025-12-22 12:10:03,547 - INFO - root - Item 'NeuesItem' in DB gespeichert
2025-12-22 12:10:03,548 - INFO - root - Item hinzugefügt: NeuesItem
2025-12-22 12:10:03,548 - INFO - werkzeug - 127.0.0.1 - - [22/Dec/2025 12:10:03] "[35m[1mPOST /items HTTP/1.1[0m" 201 -
2025-12-22 12:10:16,053 - INFO - root - POST /items aufgerufen mit Daten: {}
2025-12-22 12:10:16,053 - WARNING - root - POST /items - fehlende 'name'-Angabe
2025-12-22 12:10:16,054 - INFO - werkzeug - 127.0.0.1 - - [22/Dec/2025 12:10:16] "[31m[1mPOST /items HTTP/1.1[0m" 400 -
2025-12-22 12:10:36,583 - INFO - root - POST /items aufgerufen mit Daten: {'name': 'Item2'}
2025-12-22 12:10:36,587 - INFO - root - Item 'Item2' in DB gespeichert
2025-12-22 12:10:36,587 - INFO - root - Item hinzugefügt: Item2
2025-12-22 12:10:36,588 - INFO - werkzeug - 127.0.0.1 - - [22/Dec/2025 12:10:36] "[35m[1mPOST /items HTTP/1.1[0m" 201 -
2025-12-22 12:10:50,270 - INFO - root - POST /items aufgerufen mit Daten: {'name': 'Item3'}
2025-12-22 12:10:50,275 - INFO - root - Item 'Item3' in DB gespeichert
2025-12-22 12:10:50,276 - INFO - root - Item hinzugefügt: Item3
2025-12-22 12:10:50,276 - INFO - werkzeug - 127.0.0.1 - - [22/Dec/2025 12:10:50] "[35m[1mPOST /items HTTP/1.1[0m" 201 -
2025-12-22 12:10:59,386 - INFO - root - GET /items aufgerufen
2025-12-22 12:10:59,387 - INFO - root - 4 Items zurückgegeben
2025-12-22 12:10:59,387 - INFO - werkzeug - 127.0.0.1 - - [22/Dec/2025 12:10:59] "GET /items HTTP/1.1" 200 -
2025-12-24 09:15:45,742 - INFO - root - Server gestartet auf Port 5000
2025-12-24 09:15:45,743 - WARNING - root - Etwas könnte schiefgehen
2025-12-24 09:15:45,743 - ERROR - root - Ein Fehler ist aufgetreten
2025-12-24 09:15:45,743 - CRITICAL - root - Schwerwiegender Fehler, Abbruch nötig
2025-12-24 09:18:45,361 - INFO - root - Server gestartet auf Port 5000
2025-12-24 09:18:45,361 - WARNING - root - Etwas könnte schiefgehen
2025-12-24 09:18:45,361 - ERROR - root - Ein Fehler ist aufgetreten
2025-12-24 09:18:45,362 - CRITICAL - root - Schwerwiegender Fehler, Abbruch nötig
2025-12-24 09:20:55,997 - INFO - root - Server gestartet auf Port 5000
2025-12-24 09:20:55,998 - WARNING - root - Etwas könnte schiefgehen
2025-12-24 09:20:55,998 - ERROR - root - Ein Fehler ist aufgetreten
2025-12-24 09:20:55,998 - CRITICAL - root - Schwerwiegender Fehler, Abbruch nötig
2025-12-24 09:26:35,961 - INFO - root - Server gestartet auf Port 5000
2025-12-24 09:26:35,961 - WARNING - root - Etwas könnte schiefgehen
2025-12-24 09:26:35,961 - ERROR - root - Ein Fehler ist aufgetreten
2025-12-24 09:26:35,961 - CRITICAL - root - Schwerwiegender Fehler, Abbruch nötig
2025-12-24 09:28:23,516 - INFO - root - Server gestartet auf Port 5000
2025-12-24 09:28:23,516 - WARNING - root - Etwas könnte schiefgehen
2025-12-24 09:28:23,516 - ERROR - root - Ein Fehler ist aufgetreten
2025-12-24 09:28:23,516 - CRITICAL - root - Schwerwiegender Fehler, Abbruch nötig
2025-12-24 09:28:23,545 - INFO - app - Flask App erfolgreich gestartet
2025-12-24 09:28:23,615 - INFO - werkzeug - [31m[1mWARNING: This is a development server. Do not use it in a production deployment. Use a production WSGI server instead.[0m
 * Running on http://127.0.0.1:5000
2025-12-24 09:28:23,616 - INFO - werkzeug - [33mPress CTRL+C to quit[0m
2025-12-24 09:28:23,617 - INFO - werkzeug -  * Restarting with stat
2025-12-24 09:28:24,026 - INFO - root - Server gestartet auf Port 5000
2025-12-24 09:28:24,027 - WARNING - root - Etwas könnte schiefgehen
2025-12-24 09:28:24,027 - ERROR - root - Ein Fehler ist aufgetreten
2025-12-24 09:28:24,027 - CRITICAL - root - Schwerwiegender Fehler, Abbruch nötig
2025-12-24 09:28:24,045 - INFO - app - Flask App erfolgreich gestartet
2025-12-24 09:28:24,055 - WARNING - werkzeug -  * Debugger is active!
2025-12-24 09:28:24,058 - INFO - werkzeug -  * Debugger PIN: 704-404-749
2025-12-24 09:29:22,457 - INFO - root - GET /items aufgerufen
2025-12-24 09:29:22,460 - INFO - root - 4 Items zurückgegeben
2025-12-24 09:29:22,461 - INFO - werkzeug - 127.0.0.1 - - [24/Dec/2025 09:29:22] "GET /items HTTP/1.1" 200 -
2025-12-24 09:29:44,223 - ERROR - root - Fehler beim Hinzufügen eines Items
Traceback (most recent call last):
  File "C:\Users\UgurK\CLOUD-training\cloud-engineering-backend\app\routes.py", line 21, in add_item
    data = request.json
           ^^^^^^^^^^^^
  File "C:\Users\UgurK\CLOUD-training\cloud-engineering-backend\venv\Lib\site-packages\werkzeug\wrappers\request.py", line 560, in json
    return self.get_json()
           ~~~~~~~~~~~~~^^
  File "C:\Users\UgurK\CLOUD-training\cloud-engineering-backend\venv\Lib\site-packages\werkzeug\wrappers\request.py", line 604, in get_json
    return self.on_json_loading_failed(None)
           ~~~~~~~~~~~~~~~~~~~~~~~~~~~^^^^^^
  File "C:\Users\UgurK\CLOUD-training\cloud-engineering-backend\venv\Lib\site-packages\flask\wrappers.py", line 214, in on_json_loading_failed
    return super().on_json_loading_failed(e)
           ~~~~~~~~~~~~~~~~~~~~~~~~~~~~~~^^^
  File "C:\Users\UgurK\CLOUD-training\cloud-engineering-backend\venv\Lib\site-packages\werkzeug\wrappers\request.py", line 647, in on_json_loading_failed
    raise UnsupportedMediaType(
    ...<2 lines>...
    )
werkzeug.exceptions.UnsupportedMediaType: 415 Unsupported Media Type: Did not attempt to load JSON data because the request Content-Type was not 'application/json'.
2025-12-24 09:29:44,247 - INFO - werkzeug - 127.0.0.1 - - [24/Dec/2025 09:29:44] "[35m[1mPOST /items HTTP/1.1[0m" 500 -
2025-12-24 09:31:37,487 - ERROR - root - Fehler beim Hinzufügen eines Items
Traceback (most recent call last):
  File "C:\Users\UgurK\CLOUD-training\cloud-engineering-backend\app\routes.py", line 21, in add_item
    data = request.json
           ^^^^^^^^^^^^
  File "C:\Users\UgurK\CLOUD-training\cloud-engineering-backend\venv\Lib\site-packages\werkzeug\wrappers\request.py", line 560, in json
    return self.get_json()
           ~~~~~~~~~~~~~^^
  File "C:\Users\UgurK\CLOUD-training\cloud-engineering-backend\venv\Lib\site-packages\werkzeug\wrappers\request.py", line 604, in get_json
    return self.on_json_loading_failed(None)
           ~~~~~~~~~~~~~~~~~~~~~~~~~~~^^^^^^
  File "C:\Users\UgurK\CLOUD-training\cloud-engineering-backend\venv\Lib\site-packages\flask\wrappers.py", line 214, in on_json_loading_failed
    return super().on_json_loading_failed(e)
           ~~~~~~~~~~~~~~~~~~~~~~~~~~~~~~^^^
  File "C:\Users\UgurK\CLOUD-training\cloud-engineering-backend\venv\Lib\site-packages\werkzeug\wrappers\request.py", line 647, in on_json_loading_failed
    raise UnsupportedMediaType(
    ...<2 lines>...
    )
werkzeug.exceptions.UnsupportedMediaType: 415 Unsupported Media Type: Did not attempt to load JSON data because the request Content-Type was not 'application/json'.
2025-12-24 09:31:37,488 - INFO - werkzeug - 127.0.0.1 - - [24/Dec/2025 09:31:37] "[35m[1mPOST /items HTTP/1.1[0m" 500 -
